6 5 4  | -6 1 11  | 2 5 6  | 
3 -2 1  | 9 2 5  | 1 2 5  | 
1 2 -1  | 0 3 7  | 1 3 2  | 

6 5 4  | 3 -2 1  | 1 2 -1  | 
-6 1 11  | 9 2 5  | 0 3 7  | 
2 5 6  | 1 2 5  | 1 3 2  | 
РАЗДЕЛИТЬ ВСЁ НА 3
0,0,0: 18 0,1,0: 2 0,2,0: 7  | 0,0,1: 2 0,1,1: 8 0,2,1: 10  | 0,0,2: 7 0,1,2: 10 0,2,2: 6  | 
1,0,0: 2 1,1,0: 8 1,2,0: 10  | 1,0,1: 8 1,1,1: 6 1,2,1: 10  | 1,0,2: 10 1,1,2: 10 1,2,2: 15  | 
2,0,0: 7 2,1,0: 10 2,2,0: 6  | 2,0,1: 10 2,1,1: 10 2,2,1: 15  | 2,0,2: 6 2,1,2: 15 2,2,2: 6  | 

18 2 7  | 2 8 10  | 7 10 6  | 
2 8 10  | 8 6 10  | 10 10 15  | 
7 10 6  | 10 10 15  | 6 15 6  | 
РАЗДЕЛИТЬ ВСЁ НА 3
0,0,0: 18 0,1,0: -8 0,2,0: -1  | 0,0,1: -8 0,1,1: -10 0,2,1: -4  | 0,0,2: -1 0,1,2: -4 0,2,2: 4  | 
1,0,0: -8 1,1,0: -10 1,2,0: -4  | 1,0,1: -10 1,1,1: 6 1,2,1: 0  | 1,0,2: -4 1,1,2: 0 1,2,2: 9  | 
2,0,0: -1 2,1,0: -4 2,2,0: 4  | 2,0,1: -4 2,1,1: 0 2,2,1: 9  | 2,0,2: 4 2,1,2: 9 2,2,2: 6  | 

18 -8 -1  | -8 -10 -4  | -1 -4 4  | 
-8 -10 -4  | -10 6 0  | -4 0 9  | 
-1 -4 4  | -4 0 9  | 4 9 6  | 
РАЗДЕЛИТЬ ВСЁ НА 2
12 10 8  | -3 -1 12  | 3 7 5  | 
-3 -1 12  | 18 4 10  | 1 5 12  | 
3 7 5  | 1 5 12  | 2 6 4  | 
РАЗДЕЛИТЬ ВСЁ НА 2
0 11 2  | -11 0 6  | -2 -6 0  | 
0 -11 0  | 11 0 3  | 0 -3 0  | 
0 2 -2  | -2 0 4  | 2 -4 0  | 
